\BOOKMARK [0][-]{Doc-Start}{\376\377\000A\000B\000S\000T\000R\000A\000C\000T}{}% 1
\BOOKMARK [0][-]{Doc-Start}{\376\377\016\032\016\027\016\004\016\061\016\024\016\042\016\110\016\055}{}% 2
\BOOKMARK [0][-]{Doc-Start}{\376\377\016\001\016\064\016\025\016\025\016\064\016\001\016\043\016\043\016\041\016\033\016\043\016\060\016\001\016\062\016\050}{}% 3
\BOOKMARK [0][-]{Doc-Start}{\376\377\016\052\016\062\016\043\016\032\016\061\016\015}{}% 4
\BOOKMARK [0][-]{Doc-Start}{\376\377\016\052\016\062\016\043\016\032\016\061\016\015\016\025\016\062\016\043\016\062\016\007}{}% 5
\BOOKMARK [0][-]{Doc-Start}{\376\377\016\052\016\062\016\043\016\032\016\061\016\015\016\043\016\071\016\033\016\040\016\062\016\036}{}% 6
\BOOKMARK [0][-]{Doc-Start}{\376\377\016\052\016\062\016\043\016\032\016\061\016\015\016\052\016\061\016\015\016\045\016\061\016\001\016\051\016\023\016\114}{}% 7
\BOOKMARK [0][-]{Doc-Start}{\376\377\016\052\016\062\016\043\016\032\016\061\016\015\016\004\016\063\016\050\016\061\016\036\016\027\016\114\016\027\016\062\016\007\016\100\016\027\016\004\016\031\016\064\016\004\016\101\016\045\016\060\016\004\016\063\016\042\016\110\016\055}{}% 8
\BOOKMARK [0][-]{chapter.1}{\376\377\016\032\016\027\016\027\016\065\016\110\000\040\016\032\016\027\016\031\016\063}{}% 9
\BOOKMARK [1][-]{section.1.1}{\376\377\016\027\016\065\016\110\016\041\016\062\016\101\016\045\016\060\016\004\016\047\016\062\016\041\016\052\016\063\016\004\016\061\016\015}{chapter.1}% 10
\BOOKMARK [1][-]{section.1.2}{\376\377\016\033\016\043\016\060\016\100\016\040\016\027\016\002\016\055\016\007\016\102\016\004\016\043\016\007\016\007\016\062\016\031}{chapter.1}% 11
\BOOKMARK [1][-]{section.1.3}{\376\377\016\047\016\064\016\030\016\065\016\001\016\062\016\043\016\031\016\063\016\100\016\052\016\031\016\055}{chapter.1}% 12
\BOOKMARK [1][-]{section.1.4}{\376\377\016\047\016\061\016\025\016\026\016\070\016\033\016\043\016\060\016\052\016\007\016\004\016\114\016\002\016\055\016\007\016\102\016\004\016\043\016\007\016\001\016\062\016\043}{chapter.1}% 13
\BOOKMARK [1][-]{section.1.5}{\376\377\016\002\016\055\016\032\016\100\016\002\016\025\016\002\016\055\016\007\016\102\016\004\016\043\016\007\016\007\016\062\016\031}{chapter.1}% 14
\BOOKMARK [1][-]{section.1.6}{\376\377\016\100\016\031\016\067\016\111\016\055\016\053\016\062\016\027\016\062\016\007\016\047\016\064\016\050\016\047\016\001\016\043\016\043\016\041\016\027\016\065\016\110\016\100\016\033\016\107\016\031\016\025\016\111\016\031\016\011\016\032\016\061\016\032}{chapter.1}% 15
\BOOKMARK [1][-]{section.1.7}{\376\377\016\001\016\062\016\043\016\101\016\042\016\001\016\042\016\110\016\055\016\042\016\007\016\062\016\031\000\040\016\101\016\045\016\060\016\043\016\110\016\062\016\007\016\101\016\034\016\031\016\001\016\062\016\043\016\024\016\063\016\100\016\031\016\064\016\031\016\007\016\062\016\031}{chapter.1}% 16
\BOOKMARK [1][-]{section.1.8}{\376\377\016\034\016\045\016\001\016\062\016\043\016\024\016\063\016\100\016\031\016\064\016\031\016\001\016\062\016\043}{chapter.1}% 17
\BOOKMARK [2][-]{subsection.1.8.1}{\376\377\016\034\016\045\016\001\016\062\016\043\016\024\016\063\016\100\016\031\016\064\016\031\016\001\016\062\016\043\016\103\016\031\016\040\016\062\016\004\016\001\016\062\016\043\016\050\016\066\016\001\016\051\016\062\016\027\016\065\016\110\0001}{section.1.8}% 18
\BOOKMARK [2][-]{subsection.1.8.2}{\376\377\016\034\016\045\016\001\016\062\016\043\016\024\016\063\016\100\016\031\016\064\016\031\016\001\016\062\016\043\016\103\016\031\016\040\016\062\016\004\016\001\016\062\016\043\016\050\016\066\016\001\016\051\016\062\016\027\016\065\016\110\0002}{section.1.8}% 19
\BOOKMARK [0][-]{chapter.2}{\376\377\016\032\016\027\016\027\016\065\016\110\000\040\016\027\016\044\016\051\016\016\016\065\016\004\016\047\016\062\016\041\016\043\016\071\016\111\016\101\016\045\016\060\016\007\016\062\016\031\016\027\016\065\016\110\016\100\016\001\016\065\016\110\016\042\016\047\016\002\016\111\016\055\016\007}{}% 20
\BOOKMARK [1][-]{section.2.1}{\376\377\016\032\016\027\016\031\016\063}{chapter.2}% 21
\BOOKMARK [1][-]{section.2.2}{\376\377\016\101\016\031\016\047\016\004\016\047\016\062\016\041\016\004\016\064\016\024\016\027\016\062\016\007\016\027\016\044\016\051\016\016\016\065}{chapter.2}% 22
\BOOKMARK [2][-]{subsection.2.2.1}{\376\377\000N\000e\000u\000r\000a\000l\000\040\000s\000t\000y\000l\000e\000\040\000t\000r\000a\000n\000s\000f\000e\000r}{section.2.2}% 23
\BOOKMARK [2][-]{subsection.2.2.2}{\376\377\000O\000v\000e\000r\000v\000i\000e\000w\000\040\000o\000f\000\040\000m\000a\000c\000h\000i\000n\000e\000\040\000l\000e\000a\000r\000n\000i\000n\000g}{section.2.2}% 24
\BOOKMARK [2][-]{subsection.2.2.3}{\376\377\000C\000l\000a\000s\000s\000i\000c\000a\000l\000\040\000a\000r\000t\000i\000f\000i\000c\000i\000a\000l\000\040\000n\000e\000u\000r\000a\000l\000\040\000n\000e\000t\000w\000o\000r\000k\000s}{section.2.2}% 25
\BOOKMARK [3][-]{subsubsection.2.2.3.1}{\376\377\000N\000e\000u\000r\000o\000n\000\040\000u\000n\000i\000t\000\040\016\103\016\031\000\040\000h\000i\000d\000d\000e\000n\000\040\000l\000a\000y\000e\000r}{subsection.2.2.3}% 26
\BOOKMARK [3][-]{subsubsection.2.2.3.2}{\376\377\000B\000a\000c\000k\000w\000a\000r\000d\000\040\000p\000r\000o\000p\000a\000g\000a\000t\000i\000o\000n}{subsection.2.2.3}% 27
\BOOKMARK [3][-]{subsubsection.2.2.3.3}{\376\377\000C\000o\000s\000t\000\040\000f\000u\000n\000c\000t\000i\000o\000n}{subsection.2.2.3}% 28
\BOOKMARK [2][-]{subsection.2.2.4}{\376\377\000C\000o\000n\000v\000o\000l\000u\000t\000i\000o\000n\000a\000l\000\040\000N\000e\000u\000r\000a\000l\000\040\000N\000e\000t\000w\000o\000r\000k\000\040\000\050\000C\000N\000N\000\051}{section.2.2}% 29
\BOOKMARK [3][-]{subsubsection.2.2.4.1}{\376\377\000I\000n\000p\000u\000t\000\040\000d\000a\000t\000a}{subsection.2.2.4}% 30
\BOOKMARK [3][-]{subsubsection.2.2.4.2}{\376\377\000C\000o\000n\000v\000o\000l\000u\000t\000i\000o\000n\000\040\000l\000a\000y\000e\000r}{subsection.2.2.4}% 31
\BOOKMARK [3][-]{subsubsection.2.2.4.3}{\376\377\000P\000o\000o\000l\000i\000n\000g\000\040\000l\000a\000y\000e\000r}{subsection.2.2.4}% 32
\BOOKMARK [3][-]{subsubsection.2.2.4.4}{\376\377\000F\000u\000l\000l\000y\000\040\000c\000o\000n\000n\000e\000c\000t\000e\000d\000\040\000l\000a\000y\000e\000r}{subsection.2.2.4}% 33
\BOOKMARK [2][-]{subsection.2.2.5}{\376\377\000T\000r\000a\000n\000s\000f\000e\000r\000\040\000L\000e\000a\000r\000n\000i\000n\000g}{section.2.2}% 34
\BOOKMARK [3][-]{subsubsection.2.2.5.1}{\376\377\000V\000G\000G\000N\000e\000t}{subsection.2.2.5}% 35
\BOOKMARK [2][-]{subsection.2.2.6}{\376\377\000W\000e\000b\000\040\000A\000p\000p\000l\000i\000c\000a\000t\000i\000o\000n}{section.2.2}% 36
\BOOKMARK [2][-]{subsection.2.2.7}{\376\377\000D\000e\000v\000e\000l\000o\000p\000m\000e\000n\000t\000\040\000T\000o\000o\000l\000s}{section.2.2}% 37
\BOOKMARK [3][-]{subsubsection.2.2.7.1}{\376\377\000P\000y\000t\000h\000o\000n}{subsection.2.2.7}% 38
\BOOKMARK [3][-]{subsubsection.2.2.7.2}{\376\377\000H\000y\000p\000e\000r\000t\000e\000x\000t\000\040\000M\000a\000r\000k\000u\000p\000\040\000L\000a\000n\000g\000u\000a\000g\000e\000\040\000\050\000H\000T\000M\000L\000\051}{subsection.2.2.7}% 39
\BOOKMARK [3][-]{subsubsection.2.2.7.3}{\376\377\000C\000a\000s\000c\000a\000d\000i\000n\000g\000\040\000S\000t\000y\000l\000e\000\040\000S\000h\000e\000e\000t\000s\000\040\000\050\000C\000S\000S\000\051}{subsection.2.2.7}% 40
\BOOKMARK [3][-]{subsubsection.2.2.7.4}{\376\377\000J\000a\000v\000a\000S\000c\000r\000i\000p\000t}{subsection.2.2.7}% 41
\BOOKMARK [3][-]{subsubsection.2.2.7.5}{\376\377\000P\000y\000t\000o\000r\000c\000h}{subsection.2.2.7}% 42
\BOOKMARK [3][-]{subsubsection.2.2.7.6}{\376\377\000D\000j\000a\000n\000g\000o}{subsection.2.2.7}% 43
\BOOKMARK [3][-]{subsubsection.2.2.7.7}{\376\377\000M\000o\000n\000g\000o\000D\000B}{subsection.2.2.7}% 44
\BOOKMARK [1][-]{section.2.3}{\376\377\016\001\016\062\016\043\016\027\016\032\016\027\016\047\016\031\016\047\016\043\016\043\016\023\016\001\016\043\016\043\016\041}{chapter.2}% 45
\BOOKMARK [0][-]{chapter.3}{\376\377\016\032\016\027\016\027\016\065\016\110\000\040\016\047\016\064\016\030\016\065\016\001\016\062\016\043\016\024\016\063\016\100\016\031\016\064\016\031\016\007\016\062\016\031}{}% 46
\BOOKMARK [1][-]{section.3.1}{\376\377\016\032\016\027\016\031\016\063}{chapter.3}% 47
\BOOKMARK [1][-]{section.3.2}{\376\377\016\043\016\062\016\042\016\045\016\060\016\100\016\055\016\065\016\042\016\024\016\002\016\055\016\007\016\102\016\004\016\043\016\007\016\007\016\062\016\031}{chapter.3}% 48
\BOOKMARK [2][-]{subsection.3.2.1}{\376\377\000M\000o\000d\000e\000l\000i\000n\000g}{section.3.2}% 49
\BOOKMARK [2][-]{subsection.3.2.2}{\376\377\000S\000y\000s\000t\000e\000m\000\040\000R\000e\000q\000u\000i\000r\000e\000m\000e\000n\000t\000s\000\040\016\052\016\063\016\053\016\043\016\061\016\032\016\100\016\047\016\107\016\032\016\101\016\055\016\036\016\036\016\045\016\064\016\100\016\004\016\012\016\061\016\031}{section.3.2}% 50
\BOOKMARK [2][-]{subsection.3.2.3}{\376\377\016\101\016\034\016\031\016\034\016\061\016\007\016\101\016\052\016\024\016\007\016\004\016\047\016\062\016\041\016\052\016\061\016\041\016\036\016\061\016\031\016\030\016\114\000\040\000\050\000U\000s\000e\000\040\000C\000a\000s\000e\000\040\000D\000i\000a\000g\000r\000a\000m\000\051}{section.3.2}% 51
\BOOKMARK [2][-]{subsection.3.2.4}{\376\377\016\101\016\034\016\031\016\040\016\062\016\036\016\001\016\064\016\010\016\001\016\043\016\043\016\041\000\040\000\050\000A\000c\000t\000i\000v\000i\000t\000y\000\040\000D\000i\000a\000g\000r\000a\000m\000\051}{section.3.2}% 52
\BOOKMARK [3][-]{subsubsection.3.2.4.1}{\376\377\016\043\016\060\016\032\016\032\016\045\016\007\016\012\016\067\016\110\016\055\016\100\016\002\016\111\016\062\016\103\016\012\016\111\016\007\016\062\016\031}{subsection.3.2.4}% 53
\BOOKMARK [3][-]{subsubsection.3.2.4.2}{\376\377\016\043\016\060\016\032\016\032\016\032\016\061\016\015\016\012\016\065\016\034\016\071\016\111\016\103\016\012\016\111}{subsection.3.2.4}% 54
\BOOKMARK [3][-]{subsubsection.3.2.4.3}{\376\377\016\043\016\060\016\032\016\032\016\047\016\064\016\030\016\065\016\001\016\062\016\043\016\103\016\012\016\111\016\007\016\062\016\031}{subsection.3.2.4}% 55
\BOOKMARK [3][-]{subsubsection.3.2.4.4}{\376\377\016\043\016\060\016\032\016\032\016\100\016\001\016\065\016\110\016\042\016\047\016\001\016\061\016\032\016\100\016\043\016\062}{subsection.3.2.4}% 56
\BOOKMARK [3][-]{subsubsection.3.2.4.5}{\376\377\016\043\016\060\016\032\016\032\016\052\016\043\016\111\016\062\016\007\016\043\016\071\016\033\016\040\016\062\016\036}{subsection.3.2.4}% 57
\BOOKMARK [3][-]{subsubsection.3.2.4.6}{\376\377\016\043\016\060\016\032\016\032\016\012\016\070\016\041\016\012\016\031}{subsection.3.2.4}% 58
\BOOKMARK [1][-]{section.3.3}{\376\377\016\104\016\024\016\055\016\060\016\101\016\001\016\043\016\041\016\052\016\026\016\062\016\033\016\061\016\025\016\042\016\001\016\043\016\043\016\041\016\101\016\045\016\060\016\004\016\063\016\055\016\030\016\064\016\032\016\062\016\042}{chapter.3}% 59
\BOOKMARK [2][-]{subsection.3.3.1}{\376\377\000U\000s\000e\000r\000\040\000i\000n\000t\000e\000r\000f\000a\000c\000e\000\040\000d\000e\000s\000i\000g\000n}{section.3.3}% 60
\BOOKMARK [0][-]{chapter.4}{\376\377\016\032\016\027\016\027\016\065\016\110\000\040\016\034\016\045\016\001\016\062\016\043\016\024\016\063\016\100\016\031\016\064\016\031\016\007\016\062\016\031}{}% 61
\BOOKMARK [1][-]{section.4.1}{\376\377\016\033\016\043\016\060\016\052\016\064\016\027\016\072\016\030\016\064\016\040\016\062\016\036\016\001\016\062\016\043\016\027\016\063\016\007\016\062\016\031\016\002\016\055\016\007\016\043\016\060\016\032\016\032}{chapter.4}% 62
\BOOKMARK [1][-]{section.4.2}{\376\377\016\004\016\047\016\062\016\041\016\036\016\066\016\007\016\036\016\055\016\103\016\010\016\001\016\062\016\043\016\103\016\012\016\111\016\007\016\062\016\031}{chapter.4}% 63
\BOOKMARK [1][-]{section.4.3}{\376\377\016\001\016\062\016\043\016\047\016\064\016\100\016\004\016\043\016\062\016\060\016\053\016\114\016\002\016\111\016\055\016\041\016\071\016\045\016\101\016\045\016\060\016\034\016\045\016\001\016\062\016\043\016\027\016\024\016\045\016\055\016\007}{chapter.4}% 64
\BOOKMARK [0][-]{chapter.5}{\376\377\016\032\016\027\016\027\016\065\016\110\000\040\016\032\016\027\016\052\016\043\016\070\016\033}{}% 65
\BOOKMARK [1][-]{section.5.1}{\376\377\016\052\016\043\016\070\016\033\016\034\016\045\016\102\016\004\016\043\016\007\016\007\016\062\016\031}{chapter.5}% 66
\BOOKMARK [1][-]{section.5.2}{\376\377\016\033\016\061\016\015\016\053\016\062\016\027\016\065\016\110\016\036\016\032\016\101\016\045\016\060\016\001\016\062\016\043\016\101\016\001\016\111\016\104\016\002}{chapter.5}% 67
\BOOKMARK [1][-]{section.5.3}{\376\377\016\002\016\111\016\055\016\010\016\063\016\001\016\061\016\024\016\101\016\045\016\060\016\002\016\111\016\055\016\100\016\052\016\031\016\055\016\101\016\031\016\060}{chapter.5}% 68
\BOOKMARK [0][-]{section.5.3}{\376\377\016\053\016\031\016\061\016\007\016\052\016\067\016\055\016\055\016\111\016\062\016\007\016\055\016\064\016\007}{}% 69
\BOOKMARK [0][-]{section.5.3}{\376\377\000A\000p\000p\000e\000n\000d\000i\000x}{}% 70
\BOOKMARK [0][-]{section.5.3}{\376\377\000A\000\040\016\012\016\067\016\110\016\055\016\040\016\062\016\004\016\034\016\031\016\047\016\001\016\027\016\065\016\110\000\040\0001}{}% 71
\BOOKMARK [0][-]{equation.1.3.5}{\376\377\000B\000\040\016\012\016\067\016\110\016\055\016\040\016\062\016\004\016\034\016\031\016\047\016\001\016\027\016\065\016\110\000\040\0002}{}% 72
