This is XeTeX, Version 3.141592653-2.6-0.999993 (MiKTeX 21.2) (preloaded format=xelatex 2021.2.24)  20 MAY 2021 13:14
entering extended mode
**e:/Senior_Project/Senior_project_font-end/latex/undergrad-sample-thai.tex
(e:/Senior_Project/Senior_project_font-end/latex/undergrad-sample-thai.tex
LaTeX2e <2020-10-01> patch level 4
L3 programming layer <2021-02-18> xparse <2020-03-03> (cpe-thai-project.cls

LaTeX Warning: You have requested document class `cpe-thai-project',
               but the document class provides `cpe-grad'.

Document Class: cpe-grad 2016/05/30 CPE,KMUTT latex class
(C:\Users\nawar\AppData\Local\Programs\MiKTeX\tex/latex/base\report.cls
Document Class: report 2020/04/10 v1.4m Standard LaTeX document class
(C:\Users\nawar\AppData\Local\Programs\MiKTeX\tex/latex/base\size10.clo
File: size10.clo 2020/04/10 v1.4m Standard LaTeX file (size option)
)
\c@part=\count175
\c@chapter=\count176
\c@section=\count177
\c@subsection=\count178
\c@subsubsection=\count179
\c@paragraph=\count180
\c@subparagraph=\count181
\c@figure=\count182
\c@table=\count183
\abovecaptionskip=\skip47
\belowcaptionskip=\skip48
\bibindent=\dimen138
)
Document Style `CPE thesis/report'.
(C:\Users\nawar\AppData\Local\Programs\MiKTeX\tex/latex/geometry\geometry.sty
Package: geometry 2020/01/02 v5.9 Page Geometry
 (C:\Users\nawar\AppData\Local\Programs\MiKTeX\tex/latex/graphics\keyval.sty
Package: keyval 2014/10/28 v1.15 key=value parser (DPC)
\KV@toks@=\toks15
) (C:\Users\nawar\AppData\Local\Programs\MiKTeX\tex/generic/iftex\ifvtex.sty
Package: ifvtex 2019/10/25 v1.7 ifvtex legacy package. Use iftex instead.
 (C:\Users\nawar\AppData\Local\Programs\MiKTeX\tex/generic/iftex\iftex.sty
Package: iftex 2020/03/06 v1.0d TeX engine tests
))
\Gm@cnth=\count184
\Gm@cntv=\count185
\c@Gm@tempcnt=\count186
\Gm@bindingoffset=\dimen139
\Gm@wd@mp=\dimen140
\Gm@odd@mp=\dimen141
\Gm@even@mp=\dimen142
\Gm@layoutwidth=\dimen143
\Gm@layoutheight=\dimen144
\Gm@layouthoffset=\dimen145
\Gm@layoutvoffset=\dimen146
\Gm@dimlist=\toks16
 (C:\Users\nawar\AppData\Local\Programs\MiKTeX\tex/xelatex/xetexconfig\geometry.cfg)) (C:\Users\nawar\AppData\Local\Programs\MiKTeX\tex/latex/graphics\graphicx.sty
Package: graphicx 2020/09/09 v1.2b Enhanced LaTeX Graphics (DPC,SPQR)
 (C:\Users\nawar\AppData\Local\Programs\MiKTeX\tex/latex/graphics\graphics.sty
Package: graphics 2020/08/30 v1.4c Standard LaTeX Graphics (DPC,SPQR)
 (C:\Users\nawar\AppData\Local\Programs\MiKTeX\tex/latex/graphics\trig.sty
Package: trig 2016/01/03 v1.10 sin cos tan (DPC)
) (C:\Users\nawar\AppData\Local\Programs\MiKTeX\tex/latex/graphics-cfg\graphics.cfg
File: graphics.cfg 2016/06/04 v1.11 sample graphics configuration
)
Package graphics Info: Driver file: xetex.def on input line 105.
 (C:\Users\nawar\AppData\Local\Programs\MiKTeX\tex/latex/graphics-def\xetex.def
File: xetex.def 2020/08/26 v5.0i Graphics/color driver for xetex
))
\Gin@req@height=\dimen147
\Gin@req@width=\dimen148
) (C:\Users\nawar\AppData\Local\Programs\MiKTeX\tex/latex/latex-tools\array.sty
Package: array 2020/10/01 v2.5c Tabular extension package (FMi)
\col@sep=\dimen149
\ar@mcellbox=\box47
\extrarowheight=\dimen150
\NC@list=\toks17
\extratabsurround=\skip49
\backup@length=\skip50
\ar@cellbox=\box48
) (C:\Users\nawar\AppData\Local\Programs\MiKTeX\tex/latex/amsfonts\amsfonts.sty
Package: amsfonts 2013/01/14 v3.01 Basic AMSFonts support
\@emptytoks=\toks18
\symAMSa=\mathgroup4
\symAMSb=\mathgroup5
LaTeX Font Info:    Redeclaring math symbol \hbar on input line 98.
LaTeX Font Info:    Overwriting math alphabet `\mathfrak' in version `bold'
(Font)                  U/euf/m/n --> U/euf/b/n on input line 106.
) (C:\Users\nawar\AppData\Local\Programs\MiKTeX\tex/latex/amsmath\amsmath.sty
Package: amsmath 2020/09/23 v2.17i AMS math features
\@mathmargin=\skip51

For additional information on amsmath, use the `?' option.
(C:\Users\nawar\AppData\Local\Programs\MiKTeX\tex/latex/amsmath\amstext.sty
Package: amstext 2000/06/29 v2.01 AMS text
 (C:\Users\nawar\AppData\Local\Programs\MiKTeX\tex/latex/amsmath\amsgen.sty
File: amsgen.sty 1999/11/30 v2.0 generic functions
\@emptytoks=\toks19
\ex@=\dimen151
)) (C:\Users\nawar\AppData\Local\Programs\MiKTeX\tex/latex/amsmath\amsbsy.sty
Package: amsbsy 1999/11/29 v1.2d Bold Symbols
\pmbraise@=\dimen152
) (C:\Users\nawar\AppData\Local\Programs\MiKTeX\tex/latex/amsmath\amsopn.sty
Package: amsopn 2016/03/08 v2.02 operator names
)
\inf@bad=\count187
LaTeX Info: Redefining \frac on input line 234.
\uproot@=\count188
\leftroot@=\count189
LaTeX Info: Redefining \overline on input line 399.
\classnum@=\count190
\DOTSCASE@=\count191
LaTeX Info: Redefining \ldots on input line 496.
LaTeX Info: Redefining \dots on input line 499.
LaTeX Info: Redefining \cdots on input line 620.
\Mathstrutbox@=\box49
\strutbox@=\box50
\big@size=\dimen153
LaTeX Font Info:    Redeclaring font encoding OML on input line 743.
LaTeX Font Info:    Redeclaring font encoding OMS on input line 744.
\macc@depth=\count192
\c@MaxMatrixCols=\count193
\dotsspace@=\muskip16
\c@parentequation=\count194
\dspbrk@lvl=\count195
\tag@help=\toks20
\row@=\count196
\column@=\count197
\maxfields@=\count198
\andhelp@=\toks21
\eqnshift@=\dimen154
\alignsep@=\dimen155
\tagshift@=\dimen156
\tagwidth@=\dimen157
\totwidth@=\dimen158
\lineht@=\dimen159
\@envbody=\toks22
\multlinegap=\skip52
\multlinetaggap=\skip53
\mathdisplay@stack=\toks23
LaTeX Info: Redefining \[ on input line 2923.
LaTeX Info: Redefining \] on input line 2924.
) (C:\Users\nawar\AppData\Local\Programs\MiKTeX\tex/xelatex/mathspec\mathspec.sty
Package: mathspec 2016/12/22 v0.2b LaTeX Package (Mathematics font selection for XeLaTeX)
 (C:\Users\nawar\AppData\Local\Programs\MiKTeX\tex/latex/etoolbox\etoolbox.sty
Package: etoolbox 2020/10/05 v2.5k e-TeX tools for LaTeX (JAW)
\etb@tempcnta=\count199
) (C:\Users\nawar\AppData\Local\Programs\MiKTeX\tex/generic/iftex\ifxetex.sty
Package: ifxetex 2019/10/25 v0.7 ifxetex legacy package. Use iftex instead.
) (C:\Users\nawar\AppData\Local\Programs\MiKTeX\tex/latex/fontspec\fontspec.sty (C:\Users\nawar\AppData\Local\Programs\MiKTeX\tex/latex/l3packages/xparse\xparse.sty (C:\Users\nawar\AppData\Local\Programs\MiKTeX\tex/latex/l3kernel\expl3.sty
Package: expl3 2021-02-18 L3 programming layer (loader) 
 (C:\Users\nawar\AppData\Local\Programs\MiKTeX\tex/latex/l3backend\l3backend-xetex.def
File: l3backend-xetex.def 2021-02-18 L3 backend support: XeTeX
 ()
\c__kernel_sys_dvipdfmx_version_int=\count266
\l__color_backend_stack_int=\count267
\g__color_backend_stack_int=\count268
\g__graphics_track_int=\count269
\l__pdf_internal_box=\box51
\g__pdf_backend_object_int=\count270
\g__pdf_backend_annotation_int=\count271
\g__pdf_backend_link_int=\count272
))
Package: xparse 2020-10-27 L3 Experimental document command parser
 (C:\Users\nawar\AppData\Local\Programs\MiKTeX\tex/latex/l3packages/xparse\xparse-generic.tex))
Package: fontspec 2020/02/21 v2.7i Font selection for XeLaTeX and LuaLaTeX
 (C:\Users\nawar\AppData\Local\Programs\MiKTeX\tex/latex/fontspec\fontspec-xetex.sty
Package: fontspec-xetex 2020/02/21 v2.7i Font selection for XeLaTeX and LuaLaTeX
\l__fontspec_script_int=\count273
\l__fontspec_language_int=\count274
\l__fontspec_strnum_int=\count275
\l__fontspec_tmp_int=\count276
\l__fontspec_tmpa_int=\count277
\l__fontspec_tmpb_int=\count278
\l__fontspec_tmpc_int=\count279
\l__fontspec_em_int=\count280
\l__fontspec_emdef_int=\count281
\l__fontspec_strong_int=\count282
\l__fontspec_strongdef_int=\count283
\l__fontspec_tmpa_dim=\dimen160
\l__fontspec_tmpb_dim=\dimen161
\l__fontspec_tmpc_dim=\dimen162
 (C:\Users\nawar\AppData\Local\Programs\MiKTeX\tex/latex/base\fontenc.sty
Package: fontenc 2020/08/10 v2.0s Standard LaTeX package
) (C:\Users\nawar\AppData\Local\Programs\MiKTeX\tex/latex/fontspec\fontspec.cfg))) (C:\Users\nawar\AppData\Local\Programs\MiKTeX\tex/latex/xkeyval\xkeyval.sty
Package: xkeyval 2020/11/20 v2.8 package option processing (HA)
 (C:\Users\nawar\AppData\Local\Programs\MiKTeX\tex/generic/xkeyval\xkeyval.tex (C:\Users\nawar\AppData\Local\Programs\MiKTeX\tex/generic/xkeyval\xkvutils.tex
\XKV@toks=\toks24
\XKV@tempa@toks=\toks25
)
\XKV@depth=\count284
File: xkeyval.tex 2014/12/03 v2.7a key=value parser (HA)
))
\c@eu@=\count285
\c@eu@i=\count286
\c@mkern=\count287
) (C:\Users\nawar\AppData\Local\Programs\MiKTeX\tex/xelatex/xunicode\xunicode.sty
File: xunicode.sty 2011/09/09 v0.981 provides access to latin accents and many other characters in Unicode lower plane
 (C:\Users\nawar\AppData\Local\Programs\MiKTeX\tex/latex/tipa\t3enc.def
File: t3enc.def 2001/12/31 T3 encoding
)
\tipaTiiicode=\count288
\tipasavetokens=\toks26
\tipachecktokens=\toks27
) (C:\Users\nawar\AppData\Local\Programs\MiKTeX\tex/latex/xltxtra\xltxtra.sty
Package: xltxtra 2018/12/31 v0.7 Improvements for the "XeLaTeX" format
 (C:\Users\nawar\AppData\Local\Programs\MiKTeX\tex/generic/iftex\ifluatex.sty
Package: ifluatex 2019/10/25 v1.5 ifluatex legacy package. Use iftex instead.
) (C:\Users\nawar\AppData\Local\Programs\MiKTeX\tex/latex/realscripts\realscripts.sty
Package: realscripts 2016/02/13 v0.3d Access OpenType subscripts and superscripts
\subsupersep=\dimen163
) (C:\Users\nawar\AppData\Local\Programs\MiKTeX\tex/latex/metalogo\metalogo.sty
Package: metalogo 2010/05/29 v0.12 Extended TeX logo macros
\xl@everylogo=\toks28
\xl@@everylogo=\toks29
LaTeX Info: Redefining \TeX on input line 193.
LaTeX Info: Redefining \LaTeX on input line 202.
LaTeX Info: Redefining \LaTeXe on input line 219.
)
\l__xetex_show_hyphens_wrapping_box=\box52
\l__xetex_show_hyphens_temp_box=\box53
\l__xetex_show_hyphens_final_box=\box54
\g__xetex_show_hyphens_word_box=\box55
) (C:\Users\nawar\AppData\Local\Programs\MiKTeX\tex/latex/url\url.sty
\Urlmuskip=\muskip17
Package: url 2013/09/16  ver 3.4  Verb mode for urls, etc.
) (C:\Users\nawar\AppData\Local\Programs\MiKTeX\tex/latex/hyperref\hyperref.sty
Package: hyperref 2021-02-10 v7.00j Hypertext links for LaTeX
 (C:\Users\nawar\AppData\Local\Programs\MiKTeX\tex/generic/ltxcmds\ltxcmds.sty
Package: ltxcmds 2020-05-10 v1.25 LaTeX kernel commands for general use (HO)
) (C:\Users\nawar\AppData\Local\Programs\MiKTeX\tex/generic/pdftexcmds\pdftexcmds.sty
Package: pdftexcmds 2020-06-27 v0.33 Utility functions of pdfTeX for LuaTeX (HO)
 (C:\Users\nawar\AppData\Local\Programs\MiKTeX\tex/generic/infwarerr\infwarerr.sty
Package: infwarerr 2019/12/03 v1.5 Providing info/warning/error messages (HO)
)
Package pdftexcmds Info: \pdf@primitive is available.
Package pdftexcmds Info: \pdf@ifprimitive is available.
Package pdftexcmds Info: \pdfdraftmode not found.
) (C:\Users\nawar\AppData\Local\Programs\MiKTeX\tex/generic/kvsetkeys\kvsetkeys.sty
Package: kvsetkeys 2019/12/15 v1.18 Key value parser (HO)
) (C:\Users\nawar\AppData\Local\Programs\MiKTeX\tex/generic/kvdefinekeys\kvdefinekeys.sty
Package: kvdefinekeys 2019-12-19 v1.6 Define keys (HO)
) (C:\Users\nawar\AppData\Local\Programs\MiKTeX\tex/generic/pdfescape\pdfescape.sty
Package: pdfescape 2019/12/09 v1.15 Implements pdfTeX's escape features (HO)
) (C:\Users\nawar\AppData\Local\Programs\MiKTeX\tex/latex/hycolor\hycolor.sty
Package: hycolor 2020-01-27 v1.10 Color options for hyperref/bookmark (HO)
) (C:\Users\nawar\AppData\Local\Programs\MiKTeX\tex/latex/letltxmacro\letltxmacro.sty
Package: letltxmacro 2019/12/03 v1.6 Let assignment for LaTeX macros (HO)
) (C:\Users\nawar\AppData\Local\Programs\MiKTeX\tex/latex/auxhook\auxhook.sty
Package: auxhook 2019-12-17 v1.6 Hooks for auxiliary files (HO)
) (C:\Users\nawar\AppData\Local\Programs\MiKTeX\tex/latex/kvoptions\kvoptions.sty
Package: kvoptions 2020-10-07 v3.14 Key value format for package options (HO)
)
\@linkdim=\dimen164
\Hy@linkcounter=\count289
\Hy@pagecounter=\count290
 (C:\Users\nawar\AppData\Local\Programs\MiKTeX\tex/latex/hyperref\pd1enc.def
File: pd1enc.def 2021-02-10 v7.00j Hyperref: PDFDocEncoding definition (HO)
) (C:\Users\nawar\AppData\Local\Programs\MiKTeX\tex/latex/hyperref\hyperref-langpatches.def
File: hyperref-langpatches.def 2021-02-10 v7.00j Hyperref: patches for babel languages
) (C:\Users\nawar\AppData\Local\Programs\MiKTeX\tex/generic/intcalc\intcalc.sty
Package: intcalc 2019/12/15 v1.3 Expandable calculations with integers (HO)
) (C:\Users\nawar\AppData\Local\Programs\MiKTeX\tex/generic/etexcmds\etexcmds.sty
Package: etexcmds 2019/12/15 v1.7 Avoid name clashes with e-TeX commands (HO)
)
\Hy@SavedSpaceFactor=\count291
 (C:\Users\nawar\AppData\Local\Programs\MiKTeX\tex/latex/hyperref\puenc.def
File: puenc.def 2021-02-10 v7.00j Hyperref: PDF Unicode definition (HO)
 (C:\Users\nawar\AppData\Local\Programs\MiKTeX\tex/latex/hyperref\puenc-greek.def
File: puenc-greek.def 2021-02-10 v7.00j Hyperref: PDF Unicode definition (greek block) (HO)
))
Package hyperref Info: Hyper figures OFF on input line 4192.
Package hyperref Info: Link nesting OFF on input line 4197.
Package hyperref Info: Hyper index ON on input line 4200.
Package hyperref Info: Plain pages OFF on input line 4207.
Package hyperref Info: Backreferencing OFF on input line 4212.
Package hyperref Info: Implicit mode ON; LaTeX internals redefined.
Package hyperref Info: Bookmarks ON on input line 4445.
\c@Hy@tempcnt=\count292
LaTeX Info: Redefining \url on input line 4804.
\XeTeXLinkMargin=\dimen165
 (C:\Users\nawar\AppData\Local\Programs\MiKTeX\tex/generic/bitset\bitset.sty
Package: bitset 2019/12/09 v1.3 Handle bit-vector datatype (HO)
 (C:\Users\nawar\AppData\Local\Programs\MiKTeX\tex/generic/bigintcalc\bigintcalc.sty
Package: bigintcalc 2019/12/15 v1.5 Expandable calculations on big integers (HO)
))
\Fld@menulength=\count293
\Field@Width=\dimen166
\Fld@charsize=\dimen167
Package hyperref Info: Hyper figures OFF on input line 6075.
Package hyperref Info: Link nesting OFF on input line 6080.
Package hyperref Info: Hyper index ON on input line 6083.
Package hyperref Info: backreferencing OFF on input line 6090.
Package hyperref Info: Link coloring OFF on input line 6095.
Package hyperref Info: Link coloring with OCG OFF on input line 6100.
Package hyperref Info: PDF/A mode OFF on input line 6105.
LaTeX Info: Redefining \ref on input line 6145.
LaTeX Info: Redefining \pageref on input line 6149.
 (C:\Users\nawar\AppData\Local\Programs\MiKTeX\tex/latex/base\atbegshi-ltx.sty
Package: atbegshi-ltx 2020/08/17 v1.0a Emulation of the original atbegshi package
with kernel methods
)
\Hy@abspage=\count294
\c@Item=\count295
\c@Hfootnote=\count296
)
Package hyperref Info: Driver (autodetected): hxetex.
 (C:\Users\nawar\AppData\Local\Programs\MiKTeX\tex/latex/hyperref\hxetex.def
File: hxetex.def 2021-02-10 v7.00j Hyperref driver for XeTeX
 (C:\Users\nawar\AppData\Local\Programs\MiKTeX\tex/generic/stringenc\stringenc.sty
Package: stringenc 2019/11/29 v1.12 Convert strings between diff. encodings (HO)
)
\pdfm@box=\box56
\c@Hy@AnnotLevel=\count297
\HyField@AnnotCount=\count298
\Fld@listcount=\count299
\c@bookmark@seq@number=\count300
 (C:\Users\nawar\AppData\Local\Programs\MiKTeX\tex/latex/rerunfilecheck\rerunfilecheck.sty
Package: rerunfilecheck 2019/12/05 v1.9 Rerun checks for auxiliary files (HO)
 (C:\Users\nawar\AppData\Local\Programs\MiKTeX\tex/latex/base\atveryend-ltx.sty
Package: atveryend-ltx 2020/08/19 v1.0a Emulation of the original atvery package
with kernel methods
) (C:\Users\nawar\AppData\Local\Programs\MiKTeX\tex/generic/uniquecounter\uniquecounter.sty
Package: uniquecounter 2019/12/15 v1.4 Provide unlimited unique counter (HO)
)
Package uniquecounter Info: New unique counter `rerunfilecheck' on input line 286.
)
\Hy@SectionHShift=\skip54
)
Package hyperref Info: Option `linktocpage' set `true' on input line 49.
Package hyperref Info: Option `colorlinks' set `true' on input line 49.
\bibindent=\dimen168
 (C:\Users\nawar\AppData\Local\Programs\MiKTeX\tex/latex/base\latexsym.sty
Package: latexsym 1998/08/17 v2.2e Standard LaTeX package (lasy symbols)
\symlasy=\mathgroup6
LaTeX Font Info:    Overwriting symbol font `lasy' in version `bold'
(Font)                  U/lasy/m/n --> U/lasy/b/n on input line 52.
)
\c@definition=\count301
) (C:\Users\nawar\AppData\Local\Programs\MiKTeX\tex/latex/xcolor\xcolor.sty
Package: xcolor 2016/05/11 v2.12 LaTeX color extensions (UK)
 (C:\Users\nawar\AppData\Local\Programs\MiKTeX\tex/latex/graphics-cfg\color.cfg
File: color.cfg 2016/01/02 v1.6 sample color configuration
)
Package xcolor Info: Driver file: xetex.def on input line 225.
 (C:\Users\nawar\AppData\Local\Programs\MiKTeX\tex/latex/colortbl\colortbl.sty
Package: colortbl 2020/01/04 v1.0e Color table columns (DPC)
\everycr=\toks30
\minrowclearance=\skip55
)
\rownum=\count302
Package xcolor Info: Model `cmy' substituted by `cmy0' on input line 1348.
Package xcolor Info: Model `RGB' extended on input line 1364.
Package xcolor Info: Model `HTML' substituted by `rgb' on input line 1366.
Package xcolor Info: Model `Hsb' substituted by `hsb' on input line 1367.
Package xcolor Info: Model `tHsb' substituted by `hsb' on input line 1368.
Package xcolor Info: Model `HSB' substituted by `hsb' on input line 1369.
Package xcolor Info: Model `Gray' substituted by `gray' on input line 1370.
Package xcolor Info: Model `wave' substituted by `hsb' on input line 1371.
) (C:\Users\nawar\AppData\Local\Programs\MiKTeX\tex/latex/polyglossia\polyglossia.sty
Package: polyglossia 2020/12/08 v1.51 Modern multilingual typesetting with XeLaTeX and LuaLaTeX
 (C:\Users\nawar\AppData\Local\Programs\MiKTeX\tex/latex/makecmds\makecmds.sty
Package: makecmds 2009/09/03 v1.0a extra command making commands
) (C:\Users\nawar\AppData\Local\Programs\MiKTeX\tex/latex/l3packages/l3keys2e\l3keys2e.sty
Package: l3keys2e 2020-10-27 LaTeX2e option processing using LaTeX3 keys
)
\xpg@normalclass=\XeTeXcharclass1
 (C:\Users\nawar\AppData\Local\Programs\MiKTeX\tex/latex/polyglossia\gloss-latex.ldf
File: gloss-latex.ldf polyglossia: module for default language
The property list \polyglossia@langsetup contains the pairs (without outer
braces):
>  {latex/script}  =>  {latin}
>  {latex/lcscript}  =>  {latin}
>  {latex/scripttag}  =>  {}
>  {latex/language}  =>  {Latex}
>  {latex/langtag}  =>  {ENG}
>  {latex/bcp47}  =>  {}
>  {latex/hyphennames}  =>  {english}
>  {latex/direction}  =>  {LR}
>  {latex/hyphenmins}  =>  {2,3}
>  {latex/frenchspacing}  =>  {false}
>  {latex/indentfirst}  =>  {false}
>  {latex/fontsetup}  =>  {true}
>  {latex/envname}  =>  {latex}
>  {latex/babelname}  =>  {latex}
>  {latex/localnumeral}  =>  {polyglossia@C@localnumeral}
>  {latex/Localnumeral}  =>  {polyglossia@C@localnumeral}.
)
Package polyglossia Info: Default language is latex.
) (C:\Users\nawar\AppData\Local\Programs\MiKTeX\tex/latex/polyglossia\gloss-thai.ldf
File: gloss-thai.ldf polyglossia: module for thai
The property list \polyglossia@langsetup contains the pairs (without outer
braces):
>  {latex/script}  =>  {latin}
>  {latex/lcscript}  =>  {latin}
>  {latex/scripttag}  =>  {}
>  {latex/language}  =>  {Latex}
>  {latex/langtag}  =>  {ENG}
>  {latex/bcp47}  =>  {}
>  {latex/hyphennames}  =>  {english}
>  {latex/direction}  =>  {LR}
>  {latex/hyphenmins}  =>  {2,3}
>  {latex/frenchspacing}  =>  {false}
>  {latex/indentfirst}  =>  {false}
>  {latex/fontsetup}  =>  {true}
>  {latex/envname}  =>  {latex}
>  {latex/babelname}  =>  {latex}
>  {latex/localnumeral}  =>  {polyglossia@C@localnumeral}
>  {latex/Localnumeral}  =>  {polyglossia@C@localnumeral}
>  {thai/script}  =>  {Thai}
>  {thai/lcscript}  =>  {thai}
>  {thai/scripttag}  =>  {thai}
>  {thai/language}  =>  {Thai}
>  {thai/langtag}  =>  {THA}
>  {thai/bcp47}  =>  {th}
>  {thai/hyphennames}  =>  {nohyphenation}
>  {thai/direction}  =>  {LR}
>  {thai/hyphenmins}  =>  {2,3}
>  {thai/frenchspacing}  =>  {false}
>  {thai/indentfirst}  =>  {false}
>  {thai/fontsetup}  =>  {true}
>  {thai/envname}  =>  {thai}
>  {thai/babelname}  =>  {thai}
>  {thai/localnumeral}  =>  {thainumerals}
>  {thai/Localnumeral}  =>  {thainumerals}.
)
Package polyglossia Info: Default language is thai.
 (C:\Users\nawar\AppData\Local\Programs\MiKTeX\tex/latex/polyglossia\gloss-english.ldf
File: gloss-english.ldf polyglossia: module for english
The property list \polyglossia@langsetup contains the pairs (without outer
braces):
>  {latex/script}  =>  {latin}
>  {latex/lcscript}  =>  {latin}
>  {latex/scripttag}  =>  {}
>  {latex/language}  =>  {Latex}
>  {latex/langtag}  =>  {ENG}
>  {latex/bcp47}  =>  {}
>  {latex/hyphennames}  =>  {english}
>  {latex/direction}  =>  {LR}
>  {latex/hyphenmins}  =>  {2,3}
>  {latex/frenchspacing}  =>  {false}
>  {latex/indentfirst}  =>  {false}
>  {latex/fontsetup}  =>  {true}
>  {latex/envname}  =>  {latex}
>  {latex/babelname}  =>  {latex}
>  {latex/localnumeral}  =>  {polyglossia@C@localnumeral}
>  {latex/Localnumeral}  =>  {polyglossia@C@localnumeral}
>  {thai/script}  =>  {Thai}
>  {thai/lcscript}  =>  {thai}
>  {thai/scripttag}  =>  {thai}
>  {thai/language}  =>  {Thai}
>  {thai/langtag}  =>  {THA}
>  {thai/bcp47}  =>  {th}
>  {thai/hyphennames}  =>  {nohyphenation}
>  {thai/direction}  =>  {LR}
>  {thai/hyphenmins}  =>  {2,3}
>  {thai/frenchspacing}  =>  {false}
>  {thai/indentfirst}  =>  {false}
>  {thai/fontsetup}  =>  {true}
>  {thai/envname}  =>  {thai}
>  {thai/babelname}  =>  {thai}
>  {thai/localnumeral}  =>  {thainumerals}
>  {thai/Localnumeral}  =>  {thainumerals}
>  {english/script}  =>  {latin}
>  {english/lcscript}  =>  {latin}
>  {english/scripttag}  =>  {}
>  {english/language}  =>  {English}
>  {english/langtag}  =>  {ENG}
>  {english/bcp47}  =>  {en-US}
>  {english/hyphennames}  =>  {english,american,usenglish,USenglish}
>  {english/direction}  =>  {LR}
>  {english/hyphenmins}  =>  {2,3}
>  {english/frenchspacing}  =>  {false}
>  {english/indentfirst}  =>  {false}
>  {english/fontsetup}  =>  {true}
>  {english/envname}  =>  {english}
>  {english/babelname}  =>  {english}
>  {english/localnumeral}  =>  {polyglossia@C@localnumeral}
>  {english/Localnumeral}  =>  {polyglossia@C@localnumeral}.
Package polyglossia Info: Option: English, variant=american.
)

Package fontspec Info: Font family 'THSarabunNew(0)' created for font 'TH
(fontspec)             Sarabun New' with options [Script=Thai,Scale=1.23].
(fontspec)              
(fontspec)              This font family consists of the following NFSS
(fontspec)             series/shapes:
(fontspec)              
(fontspec)             - 'normal' (m/n) with NFSS spec.: <->s*[1.23]"TH
(fontspec)             Sarabun New/OT:script=thai;language=dflt;"
(fontspec)             - 'small caps'  (m/sc) with NFSS spec.: 
(fontspec)             - 'bold' (b/n) with NFSS spec.: <->s*[1.23]"TH Sarabun
(fontspec)             New/B/OT:script=thai;language=dflt;"
(fontspec)             - 'bold small caps'  (b/sc) with NFSS spec.: 
(fontspec)             - 'italic' (m/it) with NFSS spec.: <->s*[1.23]"TH
(fontspec)             Sarabun New/I/OT:script=thai;language=dflt;"
(fontspec)             - 'italic small caps'  (m/scit) with NFSS spec.: 
(fontspec)             - 'bold italic' (b/it) with NFSS spec.: <->s*[1.23]"TH
(fontspec)             Sarabun New/BI/OT:script=thai;language=dflt;"
(fontspec)             - 'bold italic small caps'  (b/scit) with NFSS spec.: 


Package fontspec Info: Font family 'THSarabunNew(1)' created for font 'TH
(fontspec)             Sarabun New' with options
(fontspec)             [Mapping=tex-text,Scale=1.23,LetterSpace=0.0,Ligatures=TeX,Scale=1.23,LetterSpace=0,WordSpace=1.0,FakeStretch=1.0].
(fontspec)              
(fontspec)              This font family consists of the following NFSS
(fontspec)             series/shapes:
(fontspec)              
(fontspec)             - 'normal' (m/n) with NFSS spec.: <->s*[1.23]"TH
(fontspec)             Sarabun
(fontspec)             New/OT:script=latn;language=dflt;letterspace=0.0;letterspace=0;extend=1.0;mapping=tex-text;"
(fontspec)             - 'small caps'  (m/sc) with NFSS spec.: 
(fontspec)             and font adjustment code:
(fontspec)             \fontdimen 2\font =1.0\fontdimen 2\font \fontdimen
(fontspec)             3\font =1.0\fontdimen 3\font \fontdimen 4\font
(fontspec)             =1.0\fontdimen 4\font 
(fontspec)             - 'bold' (b/n) with NFSS spec.: <->s*[1.23]"TH Sarabun
(fontspec)             New/B/OT:script=latn;language=dflt;letterspace=0.0;letterspace=0;extend=1.0;mapping=tex-text;"
(fontspec)             - 'bold small caps'  (b/sc) with NFSS spec.: 
(fontspec)             and font adjustment code:
(fontspec)             \fontdimen 2\font =1.0\fontdimen 2\font \fontdimen
(fontspec)             3\font =1.0\fontdimen 3\font \fontdimen 4\font
(fontspec)             =1.0\fontdimen 4\font 
(fontspec)             - 'italic' (m/it) with NFSS spec.: <->s*[1.23]"TH
(fontspec)             Sarabun
(fontspec)             New/I/OT:script=latn;language=dflt;letterspace=0.0;letterspace=0;extend=1.0;mapping=tex-text;"
(fontspec)             - 'italic small caps'  (m/scit) with NFSS spec.: 
(fontspec)             and font adjustment code:
(fontspec)             \fontdimen 2\font =1.0\fontdimen 2\font \fontdimen
(fontspec)             3\font =1.0\fontdimen 3\font \fontdimen 4\font
(fontspec)             =1.0\fontdimen 4\font 
(fontspec)             - 'bold italic' (b/it) with NFSS spec.: <->s*[1.23]"TH
(fontspec)             Sarabun
(fontspec)             New/BI/OT:script=latn;language=dflt;letterspace=0.0;letterspace=0;extend=1.0;mapping=tex-text;"
(fontspec)             - 'bold italic small caps'  (b/scit) with NFSS spec.: 
(fontspec)             and font adjustment code:
(fontspec)             \fontdimen 2\font =1.0\fontdimen 2\font \fontdimen
(fontspec)             3\font =1.0\fontdimen 3\font \fontdimen 4\font
(fontspec)             =1.0\fontdimen 4\font 

LaTeX Font Info:    Font shape `TU/THSarabunNew(1)/m/n' will be
(Font)              scaled to size 12.29996pt on input line 16.
\c@theorem=\count303
\c@lemma=\count304
\c@corollary=\count305
 (undergrad-sample-thai.aux)
\openout1 = `undergrad-sample-thai.aux'.

LaTeX Font Info:    Checking defaults for OML/cmm/m/it on input line 116.
LaTeX Font Info:    ... okay on input line 116.
LaTeX Font Info:    Checking defaults for OMS/cmsy/m/n on input line 116.
LaTeX Font Info:    ... okay on input line 116.
LaTeX Font Info:    Checking defaults for OT1/cmr/m/n on input line 116.
LaTeX Font Info:    ... okay on input line 116.
LaTeX Font Info:    Checking defaults for T1/cmr/m/n on input line 116.
LaTeX Font Info:    ... okay on input line 116.
LaTeX Font Info:    Checking defaults for TS1/cmr/m/n on input line 116.
LaTeX Font Info:    Trying to load font information for TS1+cmr on input line 116.
 (C:\Users\nawar\AppData\Local\Programs\MiKTeX\tex/latex/base\ts1cmr.fd
File: ts1cmr.fd 2019/12/16 v2.5j Standard LaTeX font definitions
)
LaTeX Font Info:    ... okay on input line 116.
LaTeX Font Info:    Checking defaults for TU/lmr/m/n on input line 116.
LaTeX Font Info:    ... okay on input line 116.
LaTeX Font Info:    Checking defaults for OMX/cmex/m/n on input line 116.
LaTeX Font Info:    ... okay on input line 116.
LaTeX Font Info:    Checking defaults for U/cmr/m/n on input line 116.
LaTeX Font Info:    ... okay on input line 116.
LaTeX Font Info:    Checking defaults for T3/cmr/m/n on input line 116.
LaTeX Font Info:    Trying to load font information for T3+cmr on input line 116.
 (C:\Users\nawar\AppData\Local\Programs\MiKTeX\tex/latex/tipa\t3cmr.fd
File: t3cmr.fd 2001/12/31 TIPA font definitions
)
LaTeX Font Info:    ... okay on input line 116.
LaTeX Font Info:    Checking defaults for PD1/pdf/m/n on input line 116.
LaTeX Font Info:    ... okay on input line 116.
LaTeX Font Info:    Checking defaults for PU/pdf/m/n on input line 116.
LaTeX Font Info:    ... okay on input line 116.

*geometry* detected driver: pdftex
*geometry* verbose mode - [ preamble ] result:
* driver: pdftex
* paper: a4paper
* layout: <same size as paper>
* layoutoffset:(h,v)=(0.0pt,0.0pt)
* modes: 
* h-part:(L,W,R)=(113.81102pt, 426.79135pt, 56.9055pt)
* v-part:(T,H,B)=(85.35826pt, 702.78308pt, 56.9055pt)
* \paperwidth=597.50787pt
* \paperheight=845.04684pt
* \textwidth=433.62pt
* \textheight=712.49861pt
* \oddsidemargin=36.135pt
* \evensidemargin=41.54103pt
* \topmargin=-22.76228pt
* \headheight=12.0pt
* \headsep=25.0pt
* \topskip=10.0pt
* \footskip=30.0pt
* \marginparwidth=65.0pt
* \marginparsep=11.0pt
* \columnsep=10.0pt
* \skip\footins=9.0pt plus 4.0pt minus 2.0pt
* \hoffset=0.0pt
* \voffset=0.0pt
* \mag=1000
* \@twocolumnfalse
* \@twosidefalse
* \@mparswitchfalse
* \@reversemarginfalse
* (1in=72.27pt=25.4mm, 1cm=28.453pt)

Package hyperref Info: Link coloring ON on input line 116.
(C:\Users\nawar\AppData\Local\Programs\MiKTeX\tex/latex/hyperref\nameref.sty
Package: nameref 2021-04-02 v2.47 Cross-referencing by name of section
 (C:\Users\nawar\AppData\Local\Programs\MiKTeX\tex/latex/refcount\refcount.sty
Package: refcount 2019/12/15 v3.6 Data extraction from label references (HO)
) (C:\Users\nawar\AppData\Local\Programs\MiKTeX\tex/generic/gettitlestring\gettitlestring.sty
Package: gettitlestring 2019/12/15 v1.6 Cleanup title references (HO)
)
\c@section@level=\count306
)
LaTeX Info: Redefining \ref on input line 116.
LaTeX Info: Redefining \pageref on input line 116.
LaTeX Info: Redefining \nameref on input line 116.
\@outlinefile=\write3
\openout3 = `undergrad-sample-thai.out'.



Package hyperref Warning: Rerun to get /PageLabels entry.

LaTeX Info: Redefining \rmfamily on input line 116.
LaTeX Info: Redefining \sffamily on input line 116.
LaTeX Info: Redefining \ttfamily on input line 116.
LaTeX Info: Redefining \rmfamily on input line 116.
LaTeX Info: Redefining \sffamily on input line 116.
LaTeX Info: Redefining \ttfamily on input line 116.
LaTeX Font Info:    Font shape `TU/THSarabunNew(0)/m/n' will be
(Font)              scaled to size 12.29996pt on input line 116.
\thai@year=\count307
File: logo02.jpg Graphic file (type bmp)
<logo02.jpg>
Missing character: There is no ​ in font TH Sarabun New/OT:script=thai;language=dflt;!
[1


]
Missing character: There is no ​ in font TH Sarabun New/OT:script=thai;language=dflt;!
LaTeX Font Info:    Trying to load font information for U+msa on input line 128.
 (C:\Users\nawar\AppData\Local\Programs\MiKTeX\tex/latex/amsfonts\umsa.fd
File: umsa.fd 2013/01/14 v3.01 AMS symbols A
)
LaTeX Font Info:    Trying to load font information for U+msb on input line 128.
 (C:\Users\nawar\AppData\Local\Programs\MiKTeX\tex/latex/amsfonts\umsb.fd
File: umsb.fd 2013/01/14 v3.01 AMS symbols B
)
LaTeX Font Info:    Trying to load font information for U+lasy on input line 128.
 (C:\Users\nawar\AppData\Local\Programs\MiKTeX\tex/latex/base\ulasy.fd
File: ulasy.fd 1998/08/17 v2.2e LaTeX symbol font definitions
)
Underfull \hbox (badness 10000) in alignment at lines 128--128
[] [] 
 []

[2]

Package hyperref Warning: bookmark level for unknown chapterx defaults to 0.

Missing character: There is no ​ in font TH Sarabun New/OT:script=thai;language=dflt;!
LaTeX Font Info:    Font shape `TU/THSarabunNew(0)/b/n' will be
(Font)              scaled to size 12.29996pt on input line 133.

Underfull \hbox (badness 10000) in alignment at lines 139--141
[][] 
 []

[2]
LaTeX Info: Redefining \rmfamily on input line 151.
LaTeX Info: Redefining \sffamily on input line 151.
LaTeX Info: Redefining \ttfamily on input line 151.
\thai@year=\count308
LaTeX Info: Redefining \rmfamily on input line 151.
LaTeX Info: Redefining \sffamily on input line 151.
LaTeX Info: Redefining \ttfamily on input line 151.
LaTeX Info: Redefining \rmfamily on input line 151.
LaTeX Info: Redefining \sffamily on input line 151.
LaTeX Info: Redefining \ttfamily on input line 151.
\thai@year=\count309
LaTeX Info: Redefining \rmfamily on input line 151.
LaTeX Info: Redefining \sffamily on input line 151.
LaTeX Info: Redefining \ttfamily on input line 151.
LaTeX Info: Redefining \rmfamily on input line 151.
LaTeX Info: Redefining \sffamily on input line 151.
LaTeX Info: Redefining \ttfamily on input line 151.
\thai@year=\count310
LaTeX Info: Redefining \rmfamily on input line 151.
LaTeX Info: Redefining \sffamily on input line 151.
LaTeX Info: Redefining \ttfamily on input line 151.
LaTeX Info: Redefining \rmfamily on input line 151.
LaTeX Info: Redefining \sffamily on input line 151.
LaTeX Info: Redefining \ttfamily on input line 151.
\thai@year=\count311
LaTeX Info: Redefining \rmfamily on input line 151.
LaTeX Info: Redefining \sffamily on input line 151.
LaTeX Info: Redefining \ttfamily on input line 151.
LaTeX Info: Redefining \rmfamily on input line 151.
LaTeX Info: Redefining \sffamily on input line 151.
LaTeX Info: Redefining \ttfamily on input line 151.
\thai@year=\count312
LaTeX Info: Redefining \rmfamily on input line 151.
LaTeX Info: Redefining \sffamily on input line 151.
LaTeX Info: Redefining \ttfamily on input line 151.
LaTeX Info: Redefining \rmfamily on input line 151.
LaTeX Info: Redefining \sffamily on input line 151.
LaTeX Info: Redefining \ttfamily on input line 151.
\thai@year=\count313
LaTeX Info: Redefining \rmfamily on input line 151.
LaTeX Info: Redefining \sffamily on input line 151.
LaTeX Info: Redefining \ttfamily on input line 151.
LaTeX Info: Redefining \rmfamily on input line 151.
LaTeX Info: Redefining \sffamily on input line 151.
LaTeX Info: Redefining \ttfamily on input line 151.
\thai@year=\count314
LaTeX Info: Redefining \rmfamily on input line 151.
LaTeX Info: Redefining \sffamily on input line 151.
LaTeX Info: Redefining \ttfamily on input line 151.
LaTeX Info: Redefining \rmfamily on input line 151.
LaTeX Info: Redefining \sffamily on input line 151.
LaTeX Info: Redefining \ttfamily on input line 151.
\thai@year=\count315
LaTeX Info: Redefining \rmfamily on input line 151.
LaTeX Info: Redefining \sffamily on input line 151.
LaTeX Info: Redefining \ttfamily on input line 151.
LaTeX Info: Redefining \rmfamily on input line 151.
LaTeX Info: Redefining \sffamily on input line 151.
LaTeX Info: Redefining \ttfamily on input line 151.
\thai@year=\count316
LaTeX Info: Redefining \rmfamily on input line 151.
LaTeX Info: Redefining \sffamily on input line 151.
LaTeX Info: Redefining \ttfamily on input line 151.
LaTeX Info: Redefining \rmfamily on input line 151.
LaTeX Info: Redefining \sffamily on input line 151.
LaTeX Info: Redefining \ttfamily on input line 151.
\thai@year=\count317
LaTeX Info: Redefining \rmfamily on input line 151.
LaTeX Info: Redefining \sffamily on input line 151.
LaTeX Info: Redefining \ttfamily on input line 151.
LaTeX Info: Redefining \rmfamily on input line 151.
LaTeX Info: Redefining \sffamily on input line 151.
LaTeX Info: Redefining \ttfamily on input line 151.
\thai@year=\count318
LaTeX Info: Redefining \rmfamily on input line 151.
LaTeX Info: Redefining \sffamily on input line 151.
LaTeX Info: Redefining \ttfamily on input line 151.
LaTeX Info: Redefining \rmfamily on input line 151.
LaTeX Info: Redefining \sffamily on input line 151.
LaTeX Info: Redefining \ttfamily on input line 151.
\thai@year=\count319
LaTeX Info: Redefining \rmfamily on input line 151.
LaTeX Info: Redefining \sffamily on input line 151.
LaTeX Info: Redefining \ttfamily on input line 151.
 [3]
LaTeX Font Info:    Font shape `TU/THSarabunNew(1)/m/n' will be
(Font)              scaled to size 14.75995pt on input line 171.
LaTeX Font Info:    Font shape `TU/THSarabunNew(1)/b/n' will be
(Font)              scaled to size 14.75995pt on input line 171.

Overfull \hbox (0.94983pt too wide) in paragraph at lines 173--176
[]\TU/THSarabunNew(0)/m/n/10 โครงงานนี้จะไม่สามารถเกิดขึ้นได้หากปราศจากความกรุณาจาก ผศ.ดร.ณัฐนาถ ฟาคุนเด๊ซ อาจารย์ที่ปรึกษาโครงการที่ได้ให้คำเสนอ 
 []


Overfull \hbox (3.75423pt too wide) in paragraph at lines 177--180
[]\TU/THSarabunNew(0)/m/n/10 ผู้จัดทำโครงการจึงขอกราบขอบพระคุณเป็นอย่างสูงนอกจากนี้คณะผู้จัดทำขอขอบคุณเพื่อนนักศึกษาภาควิชาวิศวกรรมคอมพิวเตอร์ 
 []

[4

]
LaTeX Font Info:    Font shape `TU/THSarabunNew(0)/m/n' will be
(Font)              scaled to size 14.75995pt on input line 192.
\tf@toc=\write4
\openout4 = `undergrad-sample-thai.toc'.

 [5

]
LaTeX Font Info:    Font shape `TU/THSarabunNew(1)/b/n' will be
(Font)              scaled to size 12.29996pt on input line 193.
\tf@lot=\write5
\openout5 = `undergrad-sample-thai.lot'.

 [6

]
\tf@lof=\write6
\openout6 = `undergrad-sample-thai.lof'.

 [7

]
บทที่ 1.

Package hyperref Warning: Token not allowed in a PDF string (Unicode):
(hyperref)                \kern -9.84pt
(hyperref)                removed on input line 234.

LaTeX Font Info:    Font shape `TU/THSarabunNew(0)/m/n' will be
(Font)              scaled to size 17.71193pt on input line 234.
LaTeX Font Info:    Font shape `TU/THSarabunNew(1)/m/n' will be
(Font)              scaled to size 17.71193pt on input line 234.
LaTeX Font Info:    Font shape `TU/THSarabunNew(1)/b/n' will be
(Font)              scaled to size 17.71193pt on input line 234.

Overfull \hbox (0.63002pt too wide) in paragraph at lines 243--244
\TU/THSarabunNew(0)/m/n/10 หรือเพิงพา โดยรูปภาพที่วาดออกมาจะเป็นภาพคน สัตว์ หรือการล่าสัตว์ ซึ่งแสดงให้เห็นถึงชีวิตความเป็นอยู่ของคนในยุคสมัยนั้น และหลัง-
 []


Overfull \hbox (2.11829pt too wide) in paragraph at lines 243--244
\TU/THSarabunNew(0)/m/n/10 จากนั้นมนุษย์ได้มีการพัฒนาการวาดรูปอยู่ตลอดเวลา จากการวาดรูปตามผนังถ้ำ ตามผนังโบสถ์ หรือราชวังที่สำคัญต่างๆ จนมาเป็นวาดรูป-
 []


Overfull \hbox (4.54138pt too wide) in paragraph at lines 243--244
\TU/THSarabunNew(0)/m/n/10 กด้วย ซึ่งศิลปินของโลกทางตะวันตกและตะวันออกก็มีลักษณะที่แตกต่างกัน และในแต่ละประเทศหรือศิลปินแต่ละท่านก็จะมีเทคนิควิธีการ-
 []


Overfull \hbox (3.21303pt too wide) in paragraph at lines 248--249
[]\TU/THSarabunNew(0)/m/n/10 นําเสนอความต้องการของผู้มีส่วนได้ส่วนเสียเฉพาะกลุ่ม ผลิตภัณฑ์ทางการค้าที่มีศักยภาพ และ เว็บแอปพลิเคชันสำหรับคอมพิวเตอร์ 
 []


Overfull \hbox (5.6549pt too wide) in paragraph at lines 253--254
[]\TU/THSarabunNew(0)/m/n/10 รวบรวมรูปภาพที่สร้างจากศิลปินที่มีชื่อเสียงและลักษณะภาพสามารถบอกได้ถึงเอกลักษณ์ของศิลปินท่านนั้นได้ โดยทางผู้จัด-
 []

[1

]
Overfull \hbox (13.6557pt too wide) in paragraph at lines 283--284
[]\TU/THSarabunNew(0)/m/n/10 ในส่วนที่คณะผู้จัดทำจะทำการรวมรูปภาพที่สร้างโดยศิลปินหรือ Style image เข้ากับรูปภาพคนหรือสัตว์หรือ content image เข้าด้วย-
 []

[2]

LaTeX Warning: Reference `tbl:plan1' on page 3 undefined on input line 342.


LaTeX Warning: Reference `tbl:plan2' on page 3 undefined on input line 343.


Overfull \hbox (12.93645pt too wide) in paragraph at lines 342--344
\TU/THSarabunNew(0)/m/n/10 หาข้อมูลและทดลองพัฒนาซอฟต์แวร์ตัวต้นแบบ ซึ่งสามารถแสดงรายการและระยะเวลาออกมาได้เป็นแผนภูมิแกนต์ดังตามตารางที่ []
 []


Overfull \hbox (0.6365pt too wide) in paragraph at lines 342--344
\TU/THSarabunNew(0)/m/n/10 และในส่วนภาคการศึกษาที่ 2 นั้นมุ่งเน้นไปที่การพัฒนาต่อยอดซอฟต์แวร์ตัวต้นแบบให้สามารถทำงานได้อย่างถูกต้อง ครบทุกฟังก์-
 []


Overfull \hbox (1.3376pt too wide) in paragraph at lines 342--344
\TU/THSarabunNew(0)/m/n/10 ชันและแก้ไขปัญหาเมื่อซอฟต์แวร์ได้ทำงานในสภาพแวดล้อมจริง ตลอดจนถึงขั้นตอนสุดท้ายสามารถเขียนเป็นแผนภูมิแกนต์ ดังตา-
 []

[3]
File: ./image/plan_table1.jpg Graphic file (type bmp)
<./image/plan_table1.jpg>

Overfull \hbox (7.82813pt too wide) in paragraph at lines 350--355
 [][] 
 []

[4]
File: ./image/plan_table2.jpg Graphic file (type bmp)
<./image/plan_table2.jpg>

Overfull \hbox (7.82813pt too wide) in paragraph at lines 363--368
 [][] 
 []

LaTeX Font Info:    Font shape `TU/THSarabunNew(1)/b/n' will be
(Font)              scaled to size 13.52995pt on input line 374.
[5] [6]
บทที่ 2.

Package hyperref Warning: Token not allowed in a PDF string (Unicode):
(hyperref)                \kern -9.84pt
(hyperref)                removed on input line 402.


LaTeX Warning: Citation `saha2018comprehensive' on page 7 undefined on input line 408.


LaTeX Warning: Reference `fig:modelcnn' on page 7 undefined on input line 409.


Overfull \hbox (2.43813pt too wide) in paragraph at lines 408--410
[]\TU/THSarabunNew(0)/m/n/10 Neural Style Transfer [[]] เป็นกระบวนการที่ใช้ CNNs ในการประมวลผลรูปภาพให้ได้รูปภาพที่เหมือนกับรูปภาพที่ใช้เป็น content
 []

File: ./image/unit1.png Graphic file (type bmp)
<./image/unit1.png>

LaTeX Warning: Citation `gatys2015neural' on page 7 undefined on input line 415.


LaTeX Warning: Reference `fig:modelcnn' on page 7 undefined on input line 420.

[7

]

LaTeX Warning: Reference `fig:modelcnn' on page 8 undefined on input line 435.


Overfull \hbox (119.34833pt too wide) in paragraph at lines 435--436
[]\TU/THSarabunNew(0)/m/n/10 Artificial neural networks(ANN) คือโมเดลทางคณิตศาสตร์หรือโมเดลทางคอมพิวเตอร์ที่จำลองการทำงานของเซลล์ประสาทในสมองมนุษย์ที่มีเซลล์ประสาท(neurons)
 []

File: ./image/unit2.jpg Graphic file (type bmp)
<./image/unit2.jpg>

LaTeX Warning: Reference `fig:modelann' on page 8 undefined on input line 446.


LaTeX Warning: Reference `fig:modelNU' on page 8 undefined on input line 452.

File: ./image/neuron_unit.png Graphic file (type bmp)
<./image/neuron_unit.png>

LaTeX Warning: Citation `DeepLear55:online' on page 8 undefined on input line 458.


LaTeX Warning: Reference `fig:feed-back' on page 8 undefined on input line 465.

File: ./image/feed_back.png Graphic file (type bmp)
<./image/feed_back.png>
[8]

LaTeX Warning: Citation `Gradient17:online' on page 9 undefined on input line 475.


LaTeX Warning: Citation `WhatisWe89:online' on page 9 undefined on input line 483.


LaTeX Warning: Citation `NeuralTr45:online' on page 9 undefined on input line 483.


LaTeX Warning: Reference `fig:pic-cnn' on page 9 undefined on input line 485.

File: ./image/cnn.jpg Graphic file (type bmp)
<./image/cnn.jpg>

LaTeX Warning: Reference `fig:rgb-layer' on page 9 undefined on input line 498.

File: ./image/unit3.png Graphic file (type bmp)
<./image/unit3.png>

LaTeX Warning: `!h' float specifier changed to `!ht'.

[9]

LaTeX Warning: Reference `fig:ml-tl' on page 10 undefined on input line 522.


Overfull \hbox (1.96985pt too wide) in paragraph at lines 521--523
[]\TU/THSarabunNew(0)/m/n/10 Transfer Learning เป็นการเรียนรู้ที่เป็นที่นิยมในการทำ machine learning(ML) โดยเป็นการนำโมเดลที่มีคนสร้างมาก่อนที่เหมาะ-
 []

[10]
File: ./image/unit4.png Graphic file (type bmp)
<./image/unit4.png>


LaTeX Warning: Citation `brownlee2017gentle' on page 11 undefined on input line 529.


LaTeX Warning: Citation `8636278' on page 11 undefined on input line 536.


LaTeX Warning: Citation `sarkar2018comprehensive' on page 11 undefined on input line 536.


LaTeX Warning: Reference `fig:vgg16-19' on page 11 undefined on input line 545.

File: ./image/vgg16-19.png Graphic file (type bmp)
<./image/vgg16-19.png>

LaTeX Warning: `!h' float specifier changed to `!ht'.

[11]

LaTeX Warning: Reference `fig:webapp' on page 12 undefined on input line 561.

[12]
File: ./image/webapp.jpg Graphic file (type bmp)
<./image/webapp.jpg>
 [13]

LaTeX Warning: Citation `ปูพื้นฐา98:online' on page 14 undefined on input line 598.

File: ./image/django.png Graphic file (type bmp)
<./image/django.png>

LaTeX Warning: Reference `fig:django2' on page 14 undefined on input line 617.

File: ./image/django2.png Graphic file (type bmp)
<./image/django2.png>
[14]
e:/Senior_Project/Senior_project_font-end/latex/undergrad-sample-thai.tex:640: Missing $ inserted.
<inserted text> 
                $
l.640 ...ำนวณในแต่ละชั้นของรูปภาพแบบ YIQ โดยให้ L_
                                                  sค่าความเข้มของแสงของรูปภา...
I've inserted a begin-math/end-math symbol since I think
you left one out. Proceed, with fingers crossed.

e:/Senior_Project/Senior_project_font-end/latex/undergrad-sample-thai.tex:641: Missing $ inserted.
<inserted text> 
                $
l.641 
      
I've inserted a begin-math/end-math symbol since I think
you left one out. Proceed, with fingers crossed.

Missing character: There is no ค in font cmmi10!
Missing character: There is no ่ in font cmmi10!
Missing character: There is no า in font cmmi10!
Missing character: There is no ค in font cmmi10!
Missing character: There is no ว in font cmmi10!
Missing character: There is no า in font cmmi10!
Missing character: There is no ม in font cmmi10!
Missing character: There is no เ in font cmmi10!
Missing character: There is no ข in font cmmi10!
Missing character: There is no ้ in font cmmi10!
Missing character: There is no ม in font cmmi10!
Missing character: There is no ข in font cmmi10!
Missing character: There is no อ in font cmmi10!
Missing character: There is no ง in font cmmi10!
Missing character: There is no แ in font cmmi10!
Missing character: There is no ส in font cmmi10!
Missing character: There is no ง in font cmmi10!
Missing character: There is no ข in font cmmi10!
Missing character: There is no อ in font cmmi10!
Missing character: There is no ง in font cmmi10!
Missing character: There is no ร in font cmmi10!
Missing character: There is no ู in font cmmi10!
Missing character: There is no ป in font cmmi10!
Missing character: There is no ภ in font cmmi10!
Missing character: There is no า in font cmmi10!
Missing character: There is no พ in font cmmi10!
Missing character: There is no ท in font cmmi10!
Missing character: There is no ี in font cmmi10!
Missing character: There is no ่ in font cmmi10!
Missing character: There is no ต in font cmmi10!
Missing character: There is no ้ in font cmmi10!
Missing character: There is no อ in font cmmi10!
Missing character: There is no ง in font cmmi10!
Missing character: There is no ก in font cmmi10!
Missing character: There is no า in font cmmi10!
Missing character: There is no ร in font cmmi10!
Missing character: There is no แ in font cmmi10!
Missing character: There is no ล in font cmmi10!
Missing character: There is no ะ in font cmmi10!
Missing character: There is no ห in font cmmi10!
Missing character: There is no า in font cmmi10!
Missing character: There is no ค in font cmmi10!
Missing character: There is no ่ in font cmmi10!
Missing character: There is no า in font cmmi10!
Missing character: There is no µ in font cmmi10!
Missing character: There is no แ in font cmmi10!
Missing character: There is no ล in font cmmi10!
Missing character: There is no ะ in font cmmi10!
Missing character: There is no µ in font cmmi10!
Missing character: There is no ค in font cmmi10!
Missing character: There is no ื in font cmmi10!
Missing character: There is no อ in font cmmi10!
Missing character: There is no ค in font cmmi10!
Missing character: There is no ่ in font cmmi10!
Missing character: There is no า in font cmmi10!
Missing character: There is no เ in font cmmi10!
Missing character: There is no ฉ in font cmmi10!
Missing character: There is no ล in font cmmi10!
Missing character: There is no ี in font cmmi10!
Missing character: There is no ่ in font cmmi10!
Missing character: There is no ย in font cmmi10!
Missing character: There is no ข in font cmmi10!
Missing character: There is no อ in font cmmi10!
Missing character: There is no ง in font cmmi10!
Missing character: There is no ค in font cmmi10!
Missing character: There is no ่ in font cmmi10!
Missing character: There is no า in font cmmi10!
Missing character: There is no ค in font cmmi10!
Missing character: There is no ว in font cmmi10!
Missing character: There is no า in font cmmi10!
Missing character: There is no ม in font cmmi10!
Missing character: There is no เ in font cmmi10!
Missing character: There is no ข in font cmmi10!
Missing character: There is no ้ in font cmmi10!
Missing character: There is no ม in font cmmi10!
Missing character: There is no ข in font cmmi10!
Missing character: There is no อ in font cmmi10!
Missing character: There is no ง in font cmmi10!
Missing character: There is no แ in font cmmi10!
Missing character: There is no ส in font cmmi10!
Missing character: There is no ง in font cmmi10!
Missing character: There is no ข in font cmmi10!
Missing character: There is no อ in font cmmi10!
Missing character: There is no ง in font cmmi10!
Missing character: There is no ร in font cmmi10!
Missing character: There is no ู in font cmmi10!
Missing character: There is no ป in font cmmi10!
Missing character: There is no ภ in font cmmi10!
Missing character: There is no า in font cmmi10!
Missing character: There is no พ in font cmmi10!
Missing character: There is no ท in font cmmi10!
Missing character: There is no ี in font cmmi10!
Missing character: There is no ่ in font cmmi10!
Missing character: There is no ต in font cmmi10!
Missing character: There is no ้ in font cmmi10!
Missing character: There is no อ in font cmmi10!
Missing character: There is no ง in font cmmi10!
Missing character: There is no ก in font cmmi10!
Missing character: There is no า in font cmmi10!
Missing character: There is no ร in font cmmi10!
Missing character: There is no แ in font cmmi10!
Missing character: There is no ล in font cmmi10!
Missing character: There is no ะ in font cmmi10!
Missing character: There is no ร in font cmmi10!
Missing character: There is no ู in font cmmi10!
Missing character: There is no ป in font cmmi10!
Missing character: There is no ภ in font cmmi10!
Missing character: There is no า in font cmmi10!
Missing character: There is no พ in font cmmi10!
Missing character: There is no ท in font cmmi10!
Missing character: There is no ี in font cmmi10!
Missing character: There is no ่ in font cmmi10!
Missing character: There is no ใ in font cmmi10!
Missing character: There is no ช in font cmmi10!
Missing character: There is no ้ in font cmmi10!
Missing character: There is no อ in font cmmi10!
Missing character: There is no ้ in font cmmi10!
Missing character: There is no า in font cmmi10!
Missing character: There is no ง in font cmmi10!
Missing character: There is no อ in font cmmi10!
Missing character: There is no ิ in font cmmi10!
Missing character: There is no ง in font cmmi10!
Missing character: There is no ต in font cmmi10!
Missing character: There is no า in font cmmi10!
Missing character: There is no ม in font cmmi10!
Missing character: There is no ล in font cmmi10!
Missing character: There is no ำ in font cmmi10!
Missing character: There is no ด in font cmmi10!
Missing character: There is no ั in font cmmi10!
Missing character: There is no บ in font cmmi10!
Missing character: There is no แ in font cmmi10!
Missing character: There is no ล in font cmmi10!
Missing character: There is no ะ in font cmmi10!
Missing character: There is no ห in font cmmi10!
Missing character: There is no า in font cmmi10!
Missing character: There is no ค in font cmmi10!
Missing character: There is no ่ in font cmmi10!
Missing character: There is no า in font cmmi10!
Missing character: There is no 〖 in font cmr10!
Missing character: There is no 〗 in font cmr10!
Missing character: There is no แ in font cmmi10!
Missing character: There is no ล in font cmmi10!
Missing character: There is no ะ in font cmmi10!
Missing character: There is no 〖 in font cmr10!
Missing character: There is no 〗 in font cmr10!
Missing character: There is no ค in font cmmi10!
Missing character: There is no ื in font cmmi10!
Missing character: There is no อ in font cmmi10!
Missing character: There is no ค in font cmmi10!
Missing character: There is no ่ in font cmmi10!
Missing character: There is no า in font cmmi10!
Missing character: There is no ส in font cmmi10!
Missing character: There is no ่ in font cmmi10!
Missing character: There is no ว in font cmmi10!
Missing character: There is no น in font cmmi10!
Missing character: There is no เ in font cmmi10!
Missing character: There is no บ in font cmmi10!
Missing character: There is no ี in font cmmi10!
Missing character: There is no ่ in font cmmi10!
Missing character: There is no ย in font cmmi10!
Missing character: There is no ง in font cmmi10!
Missing character: There is no เ in font cmmi10!
Missing character: There is no บ in font cmmi10!
Missing character: There is no น in font cmmi10!
Missing character: There is no ม in font cmmi10!
Missing character: There is no า in font cmmi10!
Missing character: There is no ต in font cmmi10!
Missing character: There is no า in font cmmi10!
Missing character: There is no ร in font cmmi10!
Missing character: There is no ฐ in font cmmi10!
Missing character: There is no ษ in font cmmi10!
Missing character: There is no น in font cmmi10!
Missing character: There is no ข in font cmmi10!
Missing character: There is no อ in font cmmi10!
Missing character: There is no ง in font cmmi10!
Missing character: There is no ค in font cmmi10!
Missing character: There is no ่ in font cmmi10!
Missing character: There is no า in font cmmi10!
Missing character: There is no ค in font cmmi10!
Missing character: There is no ว in font cmmi10!
Missing character: There is no า in font cmmi10!
Missing character: There is no ม in font cmmi10!
Missing character: There is no เ in font cmmi10!
Missing character: There is no ข in font cmmi10!
Missing character: There is no ้ in font cmmi10!
Missing character: There is no ม in font cmmi10!
Missing character: There is no ข in font cmmi10!
Missing character: There is no อ in font cmmi10!
Missing character: There is no ง in font cmmi10!
Missing character: There is no แ in font cmmi10!
Missing character: There is no ส in font cmmi10!
Missing character: There is no ง in font cmmi10!
Missing character: There is no ข in font cmmi10!
Missing character: There is no อ in font cmmi10!
Missing character: There is no ง in font cmmi10!
Missing character: There is no ร in font cmmi10!
Missing character: There is no ู in font cmmi10!
Missing character: There is no ป in font cmmi10!
Missing character: There is no ภ in font cmmi10!
Missing character: There is no า in font cmmi10!
Missing character: There is no พ in font cmmi10!
Missing character: There is no ท in font cmmi10!
Missing character: There is no ี in font cmmi10!
Missing character: There is no ่ in font cmmi10!
Missing character: There is no ต in font cmmi10!
Missing character: There is no ้ in font cmmi10!
Missing character: There is no อ in font cmmi10!
Missing character: There is no ง in font cmmi10!
Missing character: There is no ก in font cmmi10!
Missing character: There is no า in font cmmi10!
Missing character: There is no ร in font cmmi10!
Missing character: There is no แ in font cmmi10!
Missing character: There is no ล in font cmmi10!
Missing character: There is no ะ in font cmmi10!
Missing character: There is no ร in font cmmi10!
Missing character: There is no ู in font cmmi10!
Missing character: There is no ป in font cmmi10!
Missing character: There is no ภ in font cmmi10!
Missing character: There is no า in font cmmi10!
Missing character: There is no พ in font cmmi10!
Missing character: There is no ท in font cmmi10!
Missing character: There is no ี in font cmmi10!
Missing character: There is no ่ in font cmmi10!
Missing character: There is no ใ in font cmmi10!
Missing character: There is no ช in font cmmi10!
Missing character: There is no ้ in font cmmi10!
Missing character: There is no อ in font cmmi10!
Missing character: There is no ้ in font cmmi10!
Missing character: There is no า in font cmmi10!
Missing character: There is no ง in font cmmi10!
Missing character: There is no อ in font cmmi10!
Missing character: There is no ิ in font cmmi10!
Missing character: There is no ง in font cmmi10!
Missing character: There is no ต in font cmmi10!
Missing character: There is no า in font cmmi10!
Missing character: There is no ม in font cmmi10!
Missing character: There is no ล in font cmmi10!
Missing character: There is no ำ in font cmmi10!
Missing character: There is no ด in font cmmi10!
Missing character: There is no ั in font cmmi10!
Missing character: There is no บ in font cmmi10!
Missing character: There is no จ in font cmmi10!
Missing character: There is no า in font cmmi10!
Missing character: There is no ก in font cmmi10!
Missing character: There is no น in font cmmi10!
Missing character: There is no ั in font cmmi10!
Missing character: There is no ้ in font cmmi10!
Missing character: There is no น in font cmmi10!
Missing character: There is no ค in font cmmi10!
Missing character: There is no ำ in font cmmi10!
Missing character: There is no น in font cmmi10!
Missing character: There is no ว in font cmmi10!
Missing character: There is no ณ in font cmmi10!
Missing character: There is no แ in font cmmi10!
Missing character: There is no ล in font cmmi10!
Missing character: There is no ะ in font cmmi10!
Missing character: There is no ป in font cmmi10!
Missing character: There is no ร in font cmmi10!
Missing character: There is no ั in font cmmi10!
Missing character: There is no บ in font cmmi10!
Missing character: There is no ค in font cmmi10!
Missing character: There is no ่ in font cmmi10!
Missing character: There is no า in font cmmi10!
Missing character: There is no ต in font cmmi10!
Missing character: There is no า in font cmmi10!
Missing character: There is no ม in font cmmi10!
Missing character: There is no ส in font cmmi10!
Missing character: There is no ู in font cmmi10!
Missing character: There is no ต in font cmmi10!
Missing character: There is no ร in font cmmi10!

LaTeX Warning: Citation `gatys2015neural' on page 15 undefined on input line 644.


LaTeX Warning: Citation `8636278' on page 15 undefined on input line 648.

[15]
บทที่ 3.

Package hyperref Warning: Token not allowed in a PDF string (Unicode):
(hyperref)                \kern -9.84pt
(hyperref)                removed on input line 660.


LaTeX Warning: Citation `NeuralTr45:online' on page 16 undefined on input line 669.

File: ./image/result1.png Graphic file (type bmp)
<./image/result1.png>
[16

]
File: ./image/result2.png Graphic file (type bmp)
<./image/result2.png>


LaTeX Warning: Citation `gatys2015neural' on page 17 undefined on input line 694.


LaTeX Warning: Citation `gatys2015neural' on page 17 undefined on input line 695.

[17]
Overfull \hbox (44.02428pt too wide) in paragraph at lines 704--705
[]\TU/THSarabunNew(0)/m/n/10 เว็บไซต์จะต้องสามารถสร้างรูปภาพใหม่ที่เกิดจากการผสมผสานระหว่างรูปภาพที่สร้างโดยศิลปินชื่อดังกับรูปภาพที่ผู้ใช้ทำการอัพโหลดเข้าเว็บไซต์
 []

[18]
File: ./image/use-case.png Graphic file (type bmp)
<./image/use-case.png>


LaTeX Warning: Reference `fig:usecase' on page 19 undefined on input line 716.

[19]
File: ./image/ad-login.png Graphic file (type bmp)
<./image/ad-login.png>

Overfull \hbox (32.64413pt too wide) in paragraph at lines 742--753
[][] 
 []

[20]
File: ./image/ad-user.png Graphic file (type bmp)
<./image/ad-user.png>
 [21]
File: ./image/ad-howTOuse.png Graphic file (type bmp)
<./image/ad-howTOuse.png>
 [22]
File: ./image/ad-aboutUs.png Graphic file (type bmp)
<./image/ad-aboutUs.png>
 [23]
File: ./image/ad-createPic.png Graphic file (type bmp)
<./image/ad-createPic.png>
 [24]
File: ./image/ad-commu.png Graphic file (type bmp)
<./image/ad-commu.png>
 [25]
File: ./image/ui1.png Graphic file (type bmp)
<./image/ui1.png>
File: ./image/ui1-2.png Graphic file (type bmp)
<./image/ui1-2.png>
File: ./image/ui1-3.png Graphic file (type bmp)
<./image/ui1-3.png>
File: ./image/ui1-4.png Graphic file (type bmp)
<./image/ui1-4.png>


LaTeX Warning: `!h' float specifier changed to `!ht'.

[26]

LaTeX Warning: Reference `fig:ui-1' on page 27 undefined on input line 908.

File: ./image/ui-create.png Graphic file (type bmp)
<./image/ui-create.png>

LaTeX Warning: Reference `fig:ui-create' on page 27 undefined on input line 917.

[27]
File: ./image/ui-create2.png Graphic file (type bmp)
<./image/ui-create2.png>


LaTeX Warning: Reference `fig:ui-create2' on page 28 undefined on input line 927.

File: ./image/ui-profile.jpg Graphic file (type bmp)
<./image/ui-profile.jpg>

LaTeX Warning: Reference `fig:ui-profile' on page 28 undefined on input line 937.

[28]
File: ./image/ui-commu1.png Graphic file (type bmp)
<./image/ui-commu1.png>
File: ./image/ui-commu2.png Graphic file (type bmp)
<./image/ui-commu2.png>
File: ./image/ui-commu3.png Graphic file (type bmp)
<./image/ui-commu3.png>


LaTeX Warning: Reference `fig:ui-commu' on page 29 undefined on input line 951.


Overfull \hbox (1.78621pt too wide) in paragraph at lines 951--952
[]\TU/THSarabunNew(0)/m/n/10 รูปที่ []แสดงหน้าที่ผู้ใช้สามารถดูรูปที่มีการเผยแพร่ให้ผู้อื่นได้ดูภายใน web application ได้ รวมไปถึงสามารถกดถูกใจและสามารถ-
 []

[29]
File: ./image/database.png Graphic file (type bmp)
<./image/database.png>


LaTeX Warning: Reference `fig:database' on page 30 undefined on input line 963.

[30] [31]
Overfull \hbox (12.56746pt too wide) in paragraph at lines 1056--1057
[]\TU/THSarabunNew(0)/m/n/10 Style image เป็นรูปภาพที่สร้างจากศิลปินที่มีชื่อเสียงโดยทางคณะผู้จัดทำเลือกรวบรวมรูปภาพที่มีลักษณะที่เด่นชัดสามารถบอกได้ว่า
 []

File: ./image/ArchDesign.png Graphic file (type bmp)
<./image/ArchDesign.png>
[32]
File: ./image/newplan.png Graphic file (type bmp)
<./image/newplan.png>

Overfull \hbox (7.82813pt too wide) in paragraph at lines 1099--1104
 [][] 
 []

[33]

LaTeX Warning: Reference `fig:styleTransfer' on page 34 undefined on input line 1112.


Overfull \hbox (3.06543pt too wide) in paragraph at lines 1112--1113
[]\TU/THSarabunNew(0)/m/n/10 ในการสร้างรูปภาพใหม่ที่มีเนื้อหาของรูปภาพเหมือนกับรูปภาพ content image ที่เป็นภาพคนหรือสัตว์ทั่วไปและมีลักษณะการวาด-
 []

File: ./image/styleTransfer.png Graphic file (type bmp)
<./image/styleTransfer.png>

Overfull \hbox (9.66469pt too wide) in paragraph at lines 1124--1125
\TU/THSarabunNew(0)/m/n/10 ฐานว่า ผลลัพธ์ที่ได้ออกมาอาจมีบางจุดที่มีลักษณะเด่นเกินไปจึงทำการปรับเปลี่ยนจาก max pooling เป็น average pooling โดยกำ-
 []

[34]
บทที่ 4.

Package hyperref Warning: Token not allowed in a PDF string (Unicode):
(hyperref)                \kern -9.84pt
(hyperref)                removed on input line 1144.


LaTeX Warning: Reference `fig:model1' on page 35 undefined on input line 1151.

File: ./image/model1.png Graphic file (type bmp)
<./image/model1.png>

LaTeX Warning: Reference `fig:model2' on page 35 undefined on input line 1162.

File: ./image/model2.png Graphic file (type bmp)
<./image/model2.png>

LaTeX Warning: `!h' float specifier changed to `!ht'.

[35

]

LaTeX Warning: Reference `fig:model3' on page 36 undefined on input line 1174.

File: ./image/model3.png Graphic file (type bmp)
<./image/model3.png>
[36]

LaTeX Warning: Reference `fig:model4' on page 37 undefined on input line 1185.

File: ./image/model4.png Graphic file (type bmp)
<./image/model4.png>

LaTeX Warning: Reference `fig:model5' on page 37 undefined on input line 1195.


LaTeX Warning: Reference `fig:model6' on page 37 undefined on input line 1195.

File: ./image/model5.png Graphic file (type bmp)
<./image/model5.png>

LaTeX Warning: `!h' float specifier changed to `!ht'.

File: ./image/model6.png Graphic file (type bmp)
<./image/model6.png>

LaTeX Warning: `!h' float specifier changed to `!ht'.

[37]
File: ./image/front1.png Graphic file (type bmp)
<./image/front1.png>
File: ./image/front2.png Graphic file (type bmp)
<./image/front2.png>
File: ./image/front3.png Graphic file (type bmp)
<./image/front3.png>
File: ./image/front-commu.png Graphic file (type bmp)
<./image/front-commu.png>
File: ./image/front-login.png Graphic file (type bmp)
<./image/front-login.png>
File: ./image/front-regis.png Graphic file (type bmp)
<./image/front-regis.png>
 [38] [39] [40]
File: ./image/app_module.png Graphic file (type bmp)
<./image/app_module.png>
 [41]
บทที่ 5.

Package hyperref Warning: Token not allowed in a PDF string (Unicode):
(hyperref)                \kern -9.84pt
(hyperref)                removed on input line 1280.


Overfull \hbox (2.38892pt too wide) in paragraph at lines 1288--1289
[]\TU/THSarabunNew(0)/m/n/10 แต่เมื่อทางผู้พัฒนาทำการศึกษาโครงงานที่มีเนื้อหาคล้ายคลึงกับโครงการนี้ ก็มีความคิดที่จะเปลี่ยนการสร้างรูปภาพจากการ ใช้ CNN
 []


LaTeX Warning: Reference `tbl:newplan' on page 42 undefined on input line 1296.


Overfull \hbox (0.91293pt too wide) in paragraph at lines 1298--1299
\TU/THSarabunNew(0)/m/n/10 ที่ใช้ดึงคุณลักษณะของรูปภาพควรใช้ max pooling ใน pooling layer ขนาดของรูปภาพ style image และ content image คือ 224*224
 []

No file undergrad-sample-thai.bbl.
[42

]
LaTeX Font Info:    Font shape `TU/THSarabunNew(0)/m/n' will be
(Font)              scaled to size 21.25432pt on input line 1325.
LaTeX Font Info:    Font shape `TU/THSarabunNew(1)/m/n' will be
(Font)              scaled to size 21.25432pt on input line 1325.
LaTeX Font Info:    Font shape `TU/THSarabunNew(1)/b/n' will be
(Font)              scaled to size 21.25432pt on input line 1325.
 [43]

Package hyperref Warning: bookmark level for unknown apdx defaults to 0.


Package hyperref Warning: Token not allowed in a PDF string (Unicode):
(hyperref)                \hskip 12.29996pt
(hyperref)                replaced by space on input line 1325.


Underfull \hbox (badness 10000) in paragraph at lines 1326--1327

 []


LaTeX Warning: Reference `eq:norros' on page 44 undefined on input line 1342.


LaTeX Warning: Citation `kim01' on page 44 undefined on input line 1344.


LaTeX Warning: Reference `eq:loss_mva' on page 44 undefined on input line 1367.


LaTeX Warning: Citation `eun01' on page 44 undefined on input line 1383.


LaTeX Warning: Reference `eq:mx' on page 44 undefined on input line 1386.

[44] [45]

Package hyperref Warning: Token not allowed in a PDF string (Unicode):
(hyperref)                \hskip 12.29996pt
(hyperref)                replaced by space on input line 1395.


Underfull \hbox (badness 10000) in paragraph at lines 1396--1397

 []


Underfull \hbox (badness 10000) in paragraph at lines 1408--1409

 []


LaTeX Warning: Citation `eun01' on page 46 undefined on input line 1414.


LaTeX Warning: Reference `eq:mx' on page 46 undefined on input line 1417.

The property list \polyglossia@langsetup contains the pairs (without outer
braces):
>  {latex/script}  =>  {latin}
>  {latex/lcscript}  =>  {latin}
>  {latex/scripttag}  =>  {}
>  {latex/language}  =>  {Latex}
>  {latex/langtag}  =>  {ENG}
>  {latex/bcp47}  =>  {}
>  {latex/hyphennames}  =>  {english}
>  {latex/direction}  =>  {LR}
>  {latex/hyphenmins}  =>  {2,3}
>  {latex/frenchspacing}  =>  {false}
>  {latex/indentfirst}  =>  {false}
>  {latex/fontsetup}  =>  {true}
>  {latex/envname}  =>  {latex}
>  {latex/babelname}  =>  {latex}
>  {latex/localnumeral}  =>  {polyglossia@C@localnumeral}
>  {latex/Localnumeral}  =>  {polyglossia@C@localnumeral}
>  {thai/script}  =>  {Thai}
>  {thai/lcscript}  =>  {thai}
>  {thai/scripttag}  =>  {thai}
>  {thai/language}  =>  {Thai}
>  {thai/langtag}  =>  {THA}
>  {thai/bcp47}  =>  {th}
>  {thai/hyphennames}  =>  {nohyphenation}
>  {thai/direction}  =>  {LR}
>  {thai/hyphenmins}  =>  {2,3}
>  {thai/frenchspacing}  =>  {false}
>  {thai/indentfirst}  =>  {false}
>  {thai/fontsetup}  =>  {true}
>  {thai/envname}  =>  {thai}
>  {thai/babelname}  =>  {thai}
>  {thai/localnumeral}  =>  {thainumerals}
>  {thai/Localnumeral}  =>  {thainumerals}
>  {english/script}  =>  {latin}
>  {english/lcscript}  =>  {latin}
>  {english/scripttag}  =>  {}
>  {english/language}  =>  {English}
>  {english/langtag}  =>  {ENG}
>  {english/bcp47}  =>  {en-US}
>  {english/hyphennames}  =>  {english,american,usenglish,USenglish}
>  {english/direction}  =>  {LR}
>  {english/hyphenmins}  =>  {2,3}
>  {english/frenchspacing}  =>  {false}
>  {english/indentfirst}  =>  {false}
>  {english/fontsetup}  =>  {true}
>  {english/envname}  =>  {english}
>  {english/babelname}  =>  {american}
>  {english/localnumeral}  =>  {polyglossia@C@localnumeral}
>  {english/Localnumeral}  =>  {polyglossia@C@localnumeral}.
[46] (undergrad-sample-thai.aux
LaTeX Info: Redefining \rmfamily on input line 19.
LaTeX Info: Redefining \sffamily on input line 19.
LaTeX Info: Redefining \ttfamily on input line 19.
\thai@year=\count320
)

LaTeX Warning: There were undefined references.


LaTeX Warning: Label(s) may have changed. Rerun to get cross-references right.


Package rerunfilecheck Warning: File `undergrad-sample-thai.out' has changed.
(rerunfilecheck)                Rerun to get outlines right
(rerunfilecheck)                or use package `bookmark'.

Package rerunfilecheck Info: Checksums for `undergrad-sample-thai.out':
(rerunfilecheck)             Before: <no file>
(rerunfilecheck)             After:  50B886B58989963166606FC1BB2070CB;21247.
 ) 
Here is how much of TeX's memory you used:
 16987 strings out of 411732
 304065 string characters out of 2836994
 681539 words of memory out of 3000000
 36683 multiletter control sequences out of 15000+200000
 406119 words of font info for 78 fonts, out of 3000000 for 9000
 1348 hyphenation exceptions out of 8191
 110i,16n,117p,1158b,412s stack positions out of 5000i,500n,10000p,200000b,50000s

Output written on undergrad-sample-thai.xdv (54 pages, 617276 bytes).
